<?xml version="1.0" encoding="UTF-8"?>
<testng-results ignored="0" total="1" passed="1" failed="0" skipped="0">
  <reporter-output>
  </reporter-output>
  <suite started-at="2022-11-20T19:08:19 IST" name="Default suite" finished-at="2022-11-20T19:08:28 IST" duration-ms="8975">
    <groups>
    </groups>
    <test started-at="2022-11-20T19:08:19 IST" name="Default test" finished-at="2022-11-20T19:08:28 IST" duration-ms="8975">
      <class name="com.qsp.apllo.hms.smoke.HmsLoginPageTestCase">
        <test-method is-config="true" signature="configBeforeClass()[pri:0, instance:com.qsp.apllo.hms.smoke.HmsLoginPageTestCase@62150f9e]" started-at="2022-11-20T19:08:19 IST" name="configBeforeClass" finished-at="2022-11-20T19:08:23 IST" duration-ms="4332" status="PASS">
          <reporter-output>
          </reporter-output>
        </test-method> <!-- configBeforeClass -->
        <test-method is-config="true" signature="loggingIntoHms()[pri:0, instance:com.qsp.apllo.hms.smoke.HmsLoginPageTestCase@62150f9e]" started-at="2022-11-20T19:08:23 IST" name="loggingIntoHms" finished-at="2022-11-20T19:08:24 IST" duration-ms="335" status="PASS">
          <reporter-output>
          </reporter-output>
        </test-method> <!-- loggingIntoHms -->
        <test-method signature="tcLoginPage002()[pri:0, instance:com.qsp.apllo.hms.smoke.HmsLoginPageTestCase@62150f9e]" started-at="2022-11-20T19:08:24 IST" name="tcLoginPage002" finished-at="2022-11-20T19:08:24 IST" duration-ms="60" status="PASS">
          <reporter-output>
          </reporter-output>
        </test-method> <!-- tcLoginPage002 -->
        <test-method is-config="true" signature="loggingOutOfHms()[pri:0, instance:com.qsp.apllo.hms.smoke.HmsLoginPageTestCase@62150f9e]" started-at="2022-11-20T19:08:24 IST" name="loggingOutOfHms" finished-at="2022-11-20T19:08:27 IST" duration-ms="3604" status="PASS">
          <reporter-output>
          </reporter-output>
        </test-method> <!-- loggingOutOfHms -->
        <test-method is-config="true" signature="configAfterClass()[pri:0, instance:com.qsp.apllo.hms.smoke.HmsLoginPageTestCase@62150f9e]" started-at="2022-11-20T19:08:27 IST" name="configAfterClass" finished-at="2022-11-20T19:08:28 IST" duration-ms="596" status="PASS">
          <reporter-output>
          </reporter-output>
        </test-method> <!-- configAfterClass -->
      </class> <!-- com.qsp.apllo.hms.smoke.HmsLoginPageTestCase -->
    </test> <!-- Default test -->
  </suite> <!-- Default suite -->
</testng-results>
